<?xml version="1.0" encoding="UTF-8"?>
<!-- Generated by org.testng.reporters.JUnitXMLReporter -->
<testsuite hostname="IN-L1432" name="com.yodlee.iae.commons.dbcobrandinfo.dbfetcher.test" tests="10" failures="0" timestamp="22 Aug 2019 05:45:27 GMT" time="2.708" errors="0">
  <testcase name="@BeforeClass springTestContextPrepareTestInstance" time="0.0" classname="com.yodlee.iae.commons.dbcobrandinfo.dbfetcher.test.CobrandContainerHandlerTest">
    <failure type="java.lang.IllegalStateException" message="Failed to load ApplicationContext">
      <![CDATA[java.lang.IllegalStateException: Failed to load ApplicationContext
	at org.springframework.test.context.cache.DefaultCacheAwareContextLoaderDelegate.loadContext(DefaultCacheAwareContextLoaderDelegate.java:125)
	at org.springframework.test.context.support.DefaultTestContext.getApplicationContext(DefaultTestContext.java:108)
	at org.springframework.test.context.support.DependencyInjectionTestExecutionListener.injectDependencies(DependencyInjectionTestExecutionListener.java:117)
	at org.springframework.test.context.support.DependencyInjectionTestExecutionListener.prepareTestInstance(DependencyInjectionTestExecutionListener.java:83)
	at org.springframework.test.context.TestContextManager.prepareTestInstance(TestContextManager.java:246)
	at org.springframework.test.context.testng.AbstractTestNGSpringContextTests.springTestContextPrepareTestInstance(AbstractTestNGSpringContextTests.java:145)
	at sun.reflect.NativeMethodAccessorImpl.invoke0(Native Method)
	at sun.reflect.NativeMethodAccessorImpl.invoke(NativeMethodAccessorImpl.java:62)
	at sun.reflect.DelegatingMethodAccessorImpl.invoke(DelegatingMethodAccessorImpl.java:43)
	at java.lang.reflect.Method.invoke(Method.java:498)
	at org.testng.internal.MethodInvocationHelper.invokeMethod(MethodInvocationHelper.java:84)
	at org.testng.internal.Invoker.invokeConfigurationMethod(Invoker.java:564)
	at org.testng.internal.Invoker.invokeConfigurations(Invoker.java:213)
	at org.testng.internal.Invoker.invokeConfigurations(Invoker.java:138)
	at org.testng.internal.TestMethodWorker.invokeBeforeClassMethods(TestMethodWorker.java:175)
	at org.testng.internal.TestMethodWorker.run(TestMethodWorker.java:107)
	at org.testng.TestRunner.privateRun(TestRunner.java:767)
	at org.testng.TestRunner.run(TestRunner.java:617)
	at org.testng.SuiteRunner.runTest(SuiteRunner.java:334)
	at org.testng.SuiteRunner.runSequentially(SuiteRunner.java:329)
	at org.testng.SuiteRunner.privateRun(SuiteRunner.java:291)
	at org.testng.SuiteRunner.run(SuiteRunner.java:240)
	at org.testng.SuiteRunnerWorker.runSuite(SuiteRunnerWorker.java:52)
	at org.testng.SuiteRunnerWorker.run(SuiteRunnerWorker.java:86)
	at org.testng.TestNG.runSuitesSequentially(TestNG.java:1224)
	at org.testng.TestNG.runSuitesLocally(TestNG.java:1149)
	at org.testng.TestNG.run(TestNG.java:1057)
	at org.testng.remote.AbstractRemoteTestNG.run(AbstractRemoteTestNG.java:114)
	at org.testng.remote.RemoteTestNG.initAndRun(RemoteTestNG.java:251)
	at org.testng.remote.RemoteTestNG.main(RemoteTestNG.java:77)
Caused by: java.lang.IllegalArgumentException: Could not resolve placeholder 'tools.dbcobrandinfo.oltp.repositories.package' in value "${tools.dbcobrandinfo.oltp.repositories.package}"
	at org.springframework.util.PropertyPlaceholderHelper.parseStringValue(PropertyPlaceholderHelper.java:172)
	at org.springframework.util.PropertyPlaceholderHelper.replacePlaceholders(PropertyPlaceholderHelper.java:124)
	at org.springframework.core.env.AbstractPropertyResolver.doResolvePlaceholders(AbstractPropertyResolver.java:237)
	at org.springframework.core.env.AbstractPropertyResolver.resolveRequiredPlaceholders(AbstractPropertyResolver.java:211)
	at org.springframework.core.env.AbstractEnvironment.resolveRequiredPlaceholders(AbstractEnvironment.java:567)
	at org.springframework.context.annotation.ClassPathScanningCandidateComponentProvider.resolveBasePackage(ClassPathScanningCandidateComponentProvider.java:481)
	at org.springframework.context.annotation.ClassPathScanningCandidateComponentProvider.scanCandidateComponents(ClassPathScanningCandidateComponentProvider.java:420)
	at org.springframework.context.annotation.ClassPathScanningCandidateComponentProvider.findCandidateComponents(ClassPathScanningCandidateComponentProvider.java:316)
	at org.springframework.data.repository.config.RepositoryComponentProvider.findCandidateComponents(RepositoryComponentProvider.java:124)
	at org.springframework.data.repository.config.RepositoryConfigurationSourceSupport.lambda$null$1(RepositoryConfigurationSourceSupport.java:78)
	at java.util.stream.ReferencePipeline$7$1.accept(ReferencePipeline.java:267)
	at java.util.Spliterators$IteratorSpliterator.tryAdvance(Spliterators.java:1812)
	at java.util.stream.StreamSpliterators$WrappingSpliterator.lambda$initPartialTraversalState$0(StreamSpliterators.java:294)
	at java.util.stream.StreamSpliterators$AbstractWrappingSpliterator.fillBuffer(StreamSpliterators.java:206)
	at java.util.stream.StreamSpliterators$AbstractWrappingSpliterator.doAdvance(StreamSpliterators.java:161)
	at java.util.stream.StreamSpliterators$WrappingSpliterator.tryAdvance(StreamSpliterators.java:300)
	at java.util.Spliterators$1Adapter.hasNext(Spliterators.java:681)
	at org.springframework.data.repository.config.RepositoryConfigurationExtensionSupport.getRepositoryConfigurations(RepositoryConfigurationExtensionSupport.java:87)
	at org.springframework.data.repository.config.RepositoryConfigurationDelegate.registerRepositoriesIn(RepositoryConfigurationDelegate.java:121)
	at org.springframework.data.repository.config.RepositoryBeanDefinitionRegistrarSupport.registerBeanDefinitions(RepositoryBeanDefinitionRegistrarSupport.java:85)
	at org.springframework.context.annotation.ConfigurationClassBeanDefinitionReader.lambda$loadBeanDefinitionsFromRegistrars$1(ConfigurationClassBeanDefinitionReader.java:358)
	at java.util.LinkedHashMap.forEach(LinkedHashMap.java:684)
	at org.springframework.context.annotation.ConfigurationClassBeanDefinitionReader.loadBeanDefinitionsFromRegistrars(ConfigurationClassBeanDefinitionReader.java:357)
	at org.springframework.context.annotation.ConfigurationClassBeanDefinitionReader.loadBeanDefinitionsForConfigurationClass(ConfigurationClassBeanDefinitionReader.java:145)
	at org.springframework.context.annotation.ConfigurationClassBeanDefinitionReader.loadBeanDefinitions(ConfigurationClassBeanDefinitionReader.java:117)
	at org.springframework.context.annotation.ConfigurationClassPostProcessor.processConfigBeanDefinitions(ConfigurationClassPostProcessor.java:328)
	at org.springframework.context.annotation.ConfigurationClassPostProcessor.postProcessBeanDefinitionRegistry(ConfigurationClassPostProcessor.java:233)
	at org.springframework.context.support.PostProcessorRegistrationDelegate.invokeBeanDefinitionRegistryPostProcessors(PostProcessorRegistrationDelegate.java:273)
	at org.springframework.context.support.PostProcessorRegistrationDelegate.invokeBeanFactoryPostProcessors(PostProcessorRegistrationDelegate.java:93)
	at org.springframework.context.support.AbstractApplicationContext.invokeBeanFactoryPostProcessors(AbstractApplicationContext.java:694)
	at org.springframework.context.support.AbstractApplicationContext.refresh(AbstractApplicationContext.java:532)
	at org.springframework.test.context.support.AbstractGenericContextLoader.loadContext(AbstractGenericContextLoader.java:128)
	at org.springframework.test.context.support.AbstractGenericContextLoader.loadContext(AbstractGenericContextLoader.java:60)
	at org.springframework.test.context.support.AbstractDelegatingSmartContextLoader.delegateLoading(AbstractDelegatingSmartContextLoader.java:107)
	at org.springframework.test.context.support.AbstractDelegatingSmartContextLoader.loadContext(AbstractDelegatingSmartContextLoader.java:243)
	at org.springframework.test.context.cache.DefaultCacheAwareContextLoaderDelegate.loadContextInternal(DefaultCacheAwareContextLoaderDelegate.java:99)
	at org.springframework.test.context.cache.DefaultCacheAwareContextLoaderDelegate.loadContext(DefaultCacheAwareContextLoaderDelegate.java:117)
	... 29 more
]]>
    </failure>
  </testcase> <!-- @BeforeClass springTestContextPrepareTestInstance -->
  <testcase name="@BeforeClass beforeClass" time="0.0" classname="com.yodlee.iae.commons.dbcobrandinfo.dbfetcher.test.CobrandContainerHandlerTest">
    <skipped/>
  </testcase> <!-- @BeforeClass beforeClass -->
  <testcase name="@BeforeMethod springTestContextBeforeTestMethod" time="0.0" classname="com.yodlee.iae.commons.dbcobrandinfo.dbfetcher.test.CobrandContainerHandlerTest">
    <skipped/>
  </testcase> <!-- @BeforeMethod springTestContextBeforeTestMethod -->
  <testcase name="@BeforeMethod springTestContextBeforeTestMethod" time="0.0" classname="com.yodlee.iae.commons.dbcobrandinfo.dbfetcher.test.CobrandContainerHandlerTest">
    <skipped/>
  </testcase> <!-- @BeforeMethod springTestContextBeforeTestMethod -->
  <testcase name="@BeforeMethod springTestContextBeforeTestMethod" time="0.0" classname="com.yodlee.iae.commons.dbcobrandinfo.dbfetcher.test.CobrandContainerHandlerTest">
    <skipped/>
  </testcase> <!-- @BeforeMethod springTestContextBeforeTestMethod -->
  <testcase name="@BeforeMethod springTestContextBeforeTestMethod" time="0.0" classname="com.yodlee.iae.commons.dbcobrandinfo.dbfetcher.test.CobrandContainerHandlerTest">
    <skipped/>
  </testcase> <!-- @BeforeMethod springTestContextBeforeTestMethod -->
  <testcase name="@BeforeMethod springTestContextBeforeTestMethod" time="0.0" classname="com.yodlee.iae.commons.dbcobrandinfo.dbfetcher.test.CobrandContainerHandlerTest">
    <skipped/>
  </testcase> <!-- @BeforeMethod springTestContextBeforeTestMethod -->
  <testcase name="@BeforeClass springTestContextBeforeTestClass" time="0.0" classname="com.yodlee.iae.commons.dbcobrandinfo.dbfetcher.test.SRDBDataServiceTest">
    <skipped/>
  </testcase> <!-- @BeforeClass springTestContextBeforeTestClass -->
  <testcase name="@BeforeClass springTestContextPrepareTestInstance" time="0.0" classname="com.yodlee.iae.commons.dbcobrandinfo.dbfetcher.test.SRDBDataServiceTest">
    <skipped/>
  </testcase> <!-- @BeforeClass springTestContextPrepareTestInstance -->
  <testcase name="@BeforeClass beforeClass" time="0.0" classname="com.yodlee.iae.commons.dbcobrandinfo.dbfetcher.test.SRDBDataServiceTest">
    <skipped/>
  </testcase> <!-- @BeforeClass beforeClass -->
  <testcase name="@BeforeMethod springTestContextBeforeTestMethod" time="0.0" classname="com.yodlee.iae.commons.dbcobrandinfo.dbfetcher.test.SRDBDataServiceTest">
    <skipped/>
  </testcase> <!-- @BeforeMethod springTestContextBeforeTestMethod -->
  <testcase name="@BeforeClass springTestContextBeforeTestClass" time="0.0" classname="com.yodlee.iae.commons.dbcobrandinfo.dbfetcher.test.CobrandSiteHandlerTest">
    <skipped/>
  </testcase> <!-- @BeforeClass springTestContextBeforeTestClass -->
  <testcase name="@BeforeClass springTestContextPrepareTestInstance" time="0.0" classname="com.yodlee.iae.commons.dbcobrandinfo.dbfetcher.test.CobrandSiteHandlerTest">
    <skipped/>
  </testcase> <!-- @BeforeClass springTestContextPrepareTestInstance -->
  <testcase name="@BeforeClass beforeClass" time="0.0" classname="com.yodlee.iae.commons.dbcobrandinfo.dbfetcher.test.CobrandSiteHandlerTest">
    <skipped/>
  </testcase> <!-- @BeforeClass beforeClass -->
  <testcase name="@BeforeMethod springTestContextBeforeTestMethod" time="0.0" classname="com.yodlee.iae.commons.dbcobrandinfo.dbfetcher.test.CobrandSiteHandlerTest">
    <skipped/>
  </testcase> <!-- @BeforeMethod springTestContextBeforeTestMethod -->
  <testcase name="@BeforeMethod springTestContextBeforeTestMethod" time="0.0" classname="com.yodlee.iae.commons.dbcobrandinfo.dbfetcher.test.CobrandSiteHandlerTest">
    <skipped/>
  </testcase> <!-- @BeforeMethod springTestContextBeforeTestMethod -->
  <testcase name="@BeforeClass springTestContextBeforeTestClass" time="0.0" classname="com.yodlee.iae.commons.dbcobrandinfo.dbfetcher.test.RedisServiceTest">
    <skipped/>
  </testcase> <!-- @BeforeClass springTestContextBeforeTestClass -->
  <testcase name="@BeforeClass springTestContextPrepareTestInstance" time="0.0" classname="com.yodlee.iae.commons.dbcobrandinfo.dbfetcher.test.RedisServiceTest">
    <skipped/>
  </testcase> <!-- @BeforeClass springTestContextPrepareTestInstance -->
  <testcase name="@BeforeClass beforeClass" time="0.0" classname="com.yodlee.iae.commons.dbcobrandinfo.dbfetcher.test.RedisServiceTest">
    <skipped/>
  </testcase> <!-- @BeforeClass beforeClass -->
  <testcase name="@BeforeMethod springTestContextBeforeTestMethod" time="0.0" classname="com.yodlee.iae.commons.dbcobrandinfo.dbfetcher.test.RedisServiceTest">
    <skipped/>
  </testcase> <!-- @BeforeMethod springTestContextBeforeTestMethod -->
  <testcase name="@BeforeMethod springTestContextBeforeTestMethod" time="0.0" classname="com.yodlee.iae.commons.dbcobrandinfo.dbfetcher.test.RedisServiceTest">
    <skipped/>
  </testcase> <!-- @BeforeMethod springTestContextBeforeTestMethod -->
  <testcase name="testCobProductIdMap" time="0.032" classname="com.yodlee.iae.commons.dbcobrandinfo.dbfetcher.test.CobrandContainerHandlerTest">
    <skipped/>
  </testcase> <!-- testCobProductIdMap -->
  <testcase name="testCobrandEnabledContainerMapper" time="0.005" classname="com.yodlee.iae.commons.dbcobrandinfo.dbfetcher.test.CobrandContainerHandlerTest">
    <skipped/>
  </testcase> <!-- testCobrandEnabledContainerMapper -->
  <testcase name="testCobrandToAllContainerMapper" time="0.003" classname="com.yodlee.iae.commons.dbcobrandinfo.dbfetcher.test.CobrandContainerHandlerTest">
    <skipped/>
  </testcase> <!-- testCobrandToAllContainerMapper -->
  <testcase name="testDisabledContainer" time="0.006" classname="com.yodlee.iae.commons.dbcobrandinfo.dbfetcher.test.CobrandContainerHandlerTest">
    <skipped/>
  </testcase> <!-- testDisabledContainer -->
  <testcase name="testTagMapper" time="0.031" classname="com.yodlee.iae.commons.dbcobrandinfo.dbfetcher.test.CobrandContainerHandlerTest">
    <skipped/>
  </testcase> <!-- testTagMapper -->
  <testcase name="testgetDataFromSRDB" time="0.001" classname="com.yodlee.iae.commons.dbcobrandinfo.dbfetcher.test.SRDBDataServiceTest">
    <skipped/>
  </testcase> <!-- testgetDataFromSRDB -->
  <testcase name="TestCobMap" time="0.002" classname="com.yodlee.iae.commons.dbcobrandinfo.dbfetcher.test.CobrandSiteHandlerTest">
    <skipped/>
  </testcase> <!-- TestCobMap -->
  <testcase name="testResultMapReverser" time="0.002" classname="com.yodlee.iae.commons.dbcobrandinfo.dbfetcher.test.CobrandSiteHandlerTest">
    <skipped/>
  </testcase> <!-- testResultMapReverser -->
  <testcase name="testCobrandDataCaching" time="0.002" classname="com.yodlee.iae.commons.dbcobrandinfo.dbfetcher.test.RedisServiceTest">
    <skipped/>
  </testcase> <!-- testCobrandDataCaching -->
  <testcase name="testSiteDataCaching" time="0.002" classname="com.yodlee.iae.commons.dbcobrandinfo.dbfetcher.test.RedisServiceTest">
    <skipped/>
  </testcase> <!-- testSiteDataCaching -->
</testsuite> <!-- com.yodlee.iae.commons.dbcobrandinfo.dbfetcher.test -->
