<?xml version="1.0" encoding="UTF-8"?>
<testng-results skipped="1" failed="0" total="1" passed="0">
  <reporter-output>
  </reporter-output>
  <suite name="Default suite" duration-ms="5570" started-at="2019-08-23T08:56:55Z" finished-at="2019-08-23T08:57:01Z">
    <groups>
    </groups>
    <test name="Default test" duration-ms="5570" started-at="2019-08-23T08:56:55Z" finished-at="2019-08-23T08:57:01Z">
      <class name="com.yodlee.iae.commons.dbcobrandinfo.test.dbfetcher.CobrandContainerHandlerTest">
        <test-method status="PASS" signature="setupBaseSuiteModule()[pri:0, instance:com.yodlee.iae.commons.dbcobrandinfo.test.dbfetcher.CobrandContainerHandlerTest@7fcf2fc1]" name="setupBaseSuiteModule" is-config="true" duration-ms="10" started-at="2019-08-23T14:26:55Z" finished-at="2019-08-23T14:26:55Z">
          <reporter-output>
          </reporter-output>
        </test-method> <!-- setupBaseSuiteModule -->
        <test-method status="PASS" signature="springTestContextBeforeTestClass()[pri:0, instance:com.yodlee.iae.commons.dbcobrandinfo.test.dbfetcher.CobrandContainerHandlerTest@7fcf2fc1]" name="springTestContextBeforeTestClass" is-config="true" duration-ms="5" started-at="2019-08-23T14:26:55Z" finished-at="2019-08-23T14:26:55Z">
          <reporter-output>
          </reporter-output>
        </test-method> <!-- springTestContextBeforeTestClass -->
        <test-method status="FAIL" signature="springTestContextPrepareTestInstance()[pri:0, instance:com.yodlee.iae.commons.dbcobrandinfo.test.dbfetcher.CobrandContainerHandlerTest@7fcf2fc1]" name="springTestContextPrepareTestInstance" is-config="true" duration-ms="0" started-at="2019-08-23T14:26:55Z" depends-on-methods="org.springframework.test.context.testng.AbstractTestNGSpringContextTests.springTestContextBeforeTestClass" finished-at="2019-08-23T14:26:55Z">
          <exception class="java.lang.IllegalStateException">
            <message>
              <![CDATA[Failed to load ApplicationContext]]>
            </message>
            <full-stacktrace>
              <![CDATA[java.lang.IllegalStateException: Failed to load ApplicationContext
	at org.springframework.test.context.cache.DefaultCacheAwareContextLoaderDelegate.loadContext(DefaultCacheAwareContextLoaderDelegate.java:125)
	at org.springframework.test.context.support.DefaultTestContext.getApplicationContext(DefaultTestContext.java:108)
	at org.springframework.test.context.support.DependencyInjectionTestExecutionListener.injectDependencies(DependencyInjectionTestExecutionListener.java:117)
	at org.springframework.test.context.support.DependencyInjectionTestExecutionListener.prepareTestInstance(DependencyInjectionTestExecutionListener.java:83)
	at org.springframework.test.context.TestContextManager.prepareTestInstance(TestContextManager.java:246)
	at org.springframework.test.context.testng.AbstractTestNGSpringContextTests.springTestContextPrepareTestInstance(AbstractTestNGSpringContextTests.java:145)
	at sun.reflect.NativeMethodAccessorImpl.invoke0(Native Method)
	at sun.reflect.NativeMethodAccessorImpl.invoke(NativeMethodAccessorImpl.java:62)
	at sun.reflect.DelegatingMethodAccessorImpl.invoke(DelegatingMethodAccessorImpl.java:43)
	at java.lang.reflect.Method.invoke(Method.java:498)
	at org.testng.internal.MethodInvocationHelper.invokeMethod(MethodInvocationHelper.java:84)
	at org.testng.internal.Invoker.invokeConfigurationMethod(Invoker.java:564)
	at org.testng.internal.Invoker.invokeConfigurations(Invoker.java:213)
	at org.testng.internal.Invoker.invokeConfigurations(Invoker.java:138)
	at org.testng.internal.TestMethodWorker.invokeBeforeClassMethods(TestMethodWorker.java:175)
	at org.testng.internal.TestMethodWorker.run(TestMethodWorker.java:107)
	at org.testng.TestRunner.privateRun(TestRunner.java:767)
	at org.testng.TestRunner.run(TestRunner.java:617)
	at org.testng.SuiteRunner.runTest(SuiteRunner.java:334)
	at org.testng.SuiteRunner.runSequentially(SuiteRunner.java:329)
	at org.testng.SuiteRunner.privateRun(SuiteRunner.java:291)
	at org.testng.SuiteRunner.run(SuiteRunner.java:240)
	at org.testng.SuiteRunnerWorker.runSuite(SuiteRunnerWorker.java:52)
	at org.testng.SuiteRunnerWorker.run(SuiteRunnerWorker.java:86)
	at org.testng.TestNG.runSuitesSequentially(TestNG.java:1224)
	at org.testng.TestNG.runSuitesLocally(TestNG.java:1149)
	at org.testng.TestNG.run(TestNG.java:1057)
	at org.testng.remote.AbstractRemoteTestNG.run(AbstractRemoteTestNG.java:114)
	at org.testng.remote.RemoteTestNG.initAndRun(RemoteTestNG.java:251)
	at org.testng.remote.RemoteTestNG.main(RemoteTestNG.java:77)
Caused by: org.springframework.context.ApplicationContextException: Unable to start web server; nested exception is org.springframework.beans.factory.BeanCreationException: Error creating bean with name 'tomcatEmbeddedServletContainerFactory' defined in class path resource [com/yodlee/iae/framework/test/TestWebConfig.class]: Bean instantiation via factory method failed; nested exception is org.springframework.beans.BeanInstantiationException: Failed to instantiate [org.springframework.boot.web.embedded.jetty.JettyServletWebServerFactory]: Factory method 'tomcatEmbeddedServletContainerFactory' threw exception; nested exception is java.lang.NoClassDefFoundError: org/eclipse/jetty/webapp/Configuration
	at org.springframework.boot.web.servlet.context.ServletWebServerApplicationContext.onRefresh(ServletWebServerApplicationContext.java:155)
	at org.springframework.context.support.AbstractApplicationContext.refresh(AbstractApplicationContext.java:544)
	at org.springframework.boot.web.servlet.context.ServletWebServerApplicationContext.refresh(ServletWebServerApplicationContext.java:140)
	at org.springframework.boot.SpringApplication.refresh(SpringApplication.java:759)
	at org.springframework.boot.SpringApplication.refreshContext(SpringApplication.java:395)
	at org.springframework.boot.SpringApplication.run(SpringApplication.java:327)
	at org.springframework.boot.test.context.SpringBootContextLoader.loadContext(SpringBootContextLoader.java:139)
	at org.springframework.test.context.cache.DefaultCacheAwareContextLoaderDelegate.loadContextInternal(DefaultCacheAwareContextLoaderDelegate.java:99)
	at org.springframework.test.context.cache.DefaultCacheAwareContextLoaderDelegate.loadContext(DefaultCacheAwareContextLoaderDelegate.java:117)
	... 29 more
Caused by: org.springframework.beans.factory.BeanCreationException: Error creating bean with name 'tomcatEmbeddedServletContainerFactory' defined in class path resource [com/yodlee/iae/framework/test/TestWebConfig.class]: Bean instantiation via factory method failed; nested exception is org.springframework.beans.BeanInstantiationException: Failed to instantiate [org.springframework.boot.web.embedded.jetty.JettyServletWebServerFactory]: Factory method 'tomcatEmbeddedServletContainerFactory' threw exception; nested exception is java.lang.NoClassDefFoundError: org/eclipse/jetty/webapp/Configuration
	at org.springframework.beans.factory.support.ConstructorResolver.instantiateUsingFactoryMethod(ConstructorResolver.java:587)
	at org.springframework.beans.factory.support.AbstractAutowireCapableBeanFactory.instantiateUsingFactoryMethod(AbstractAutowireCapableBeanFactory.java:1254)
	at org.springframework.beans.factory.support.AbstractAutowireCapableBeanFactory.createBeanInstance(AbstractAutowireCapableBeanFactory.java:1103)
	at org.springframework.beans.factory.support.AbstractAutowireCapableBeanFactory.doCreateBean(AbstractAutowireCapableBeanFactory.java:541)
	at org.springframework.beans.factory.support.AbstractAutowireCapableBeanFactory.createBean(AbstractAutowireCapableBeanFactory.java:501)
	at org.springframework.beans.factory.support.AbstractBeanFactory.lambda$doGetBean$0(AbstractBeanFactory.java:317)
	at org.springframework.beans.factory.support.DefaultSingletonBeanRegistry.getSingleton(DefaultSingletonBeanRegistry.java:228)
	at org.springframework.beans.factory.support.AbstractBeanFactory.doGetBean(AbstractBeanFactory.java:315)
	at org.springframework.beans.factory.support.AbstractBeanFactory.getBean(AbstractBeanFactory.java:204)
	at org.springframework.boot.web.servlet.context.ServletWebServerApplicationContext.getWebServerFactory(ServletWebServerApplicationContext.java:214)
	at org.springframework.boot.web.servlet.context.ServletWebServerApplicationContext.createWebServer(ServletWebServerApplicationContext.java:178)
	at org.springframework.boot.web.servlet.context.ServletWebServerApplicationContext.onRefresh(ServletWebServerApplicationContext.java:152)
	... 37 more
Caused by: org.springframework.beans.BeanInstantiationException: Failed to instantiate [org.springframework.boot.web.embedded.jetty.JettyServletWebServerFactory]: Factory method 'tomcatEmbeddedServletContainerFactory' threw exception; nested exception is java.lang.NoClassDefFoundError: org/eclipse/jetty/webapp/Configuration
	at org.springframework.beans.factory.support.SimpleInstantiationStrategy.instantiate(SimpleInstantiationStrategy.java:185)
	at org.springframework.beans.factory.support.ConstructorResolver.instantiateUsingFactoryMethod(ConstructorResolver.java:579)
	... 48 more
Caused by: java.lang.NoClassDefFoundError: org/eclipse/jetty/webapp/Configuration
	at com.yodlee.iae.framework.test.TestWebConfig.tomcatEmbeddedServletContainerFactory(TestWebConfig.java:27)
	at com.yodlee.iae.framework.test.TestWebConfig$$EnhancerBySpringCGLIB$$9de747f8.CGLIB$tomcatEmbeddedServletContainerFactory$0(<generated>)
	at com.yodlee.iae.framework.test.TestWebConfig$$EnhancerBySpringCGLIB$$9de747f8$$FastClassBySpringCGLIB$$26f8d68f.invoke(<generated>)
	at org.springframework.cglib.proxy.MethodProxy.invokeSuper(MethodProxy.java:228)
	at org.springframework.context.annotation.ConfigurationClassEnhancer$BeanMethodInterceptor.intercept(ConfigurationClassEnhancer.java:361)
	at com.yodlee.iae.framework.test.TestWebConfig$$EnhancerBySpringCGLIB$$9de747f8.tomcatEmbeddedServletContainerFactory(<generated>)
	at sun.reflect.NativeMethodAccessorImpl.invoke0(Native Method)
	at sun.reflect.NativeMethodAccessorImpl.invoke(NativeMethodAccessorImpl.java:62)
	at sun.reflect.DelegatingMethodAccessorImpl.invoke(DelegatingMethodAccessorImpl.java:43)
	at java.lang.reflect.Method.invoke(Method.java:498)
	at org.springframework.beans.factory.support.SimpleInstantiationStrategy.instantiate(SimpleInstantiationStrategy.java:154)
	... 49 more
Caused by: java.lang.ClassNotFoundException: org.eclipse.jetty.webapp.Configuration
	at java.net.URLClassLoader.findClass(URLClassLoader.java:381)
	at java.lang.ClassLoader.loadClass(ClassLoader.java:424)
	at sun.misc.Launcher$AppClassLoader.loadClass(Launcher.java:331)
	at java.lang.ClassLoader.loadClass(ClassLoader.java:357)
	... 60 more
]]>
            </full-stacktrace>
          </exception> <!-- java.lang.IllegalStateException -->
          <reporter-output>
          </reporter-output>
        </test-method> <!-- springTestContextPrepareTestInstance -->
        <test-method status="SKIP" signature="setupBaseClassModule()[pri:0, instance:com.yodlee.iae.commons.dbcobrandinfo.test.dbfetcher.CobrandContainerHandlerTest@7fcf2fc1]" name="setupBaseClassModule" is-config="true" duration-ms="0" started-at="2019-08-23T14:27:01Z" finished-at="2019-08-23T14:27:01Z">
          <reporter-output>
          </reporter-output>
        </test-method> <!-- setupBaseClassModule -->
        <test-method status="SKIP" signature="beforeClass()[pri:0, instance:com.yodlee.iae.commons.dbcobrandinfo.test.dbfetcher.CobrandContainerHandlerTest@7fcf2fc1]" name="beforeClass" is-config="true" duration-ms="0" started-at="2019-08-23T14:27:01Z" finished-at="2019-08-23T14:27:01Z">
          <reporter-output>
          </reporter-output>
        </test-method> <!-- beforeClass -->
        <test-method status="SKIP" signature="springTestContextBeforeTestMethod(java.lang.reflect.Method)[pri:0, instance:com.yodlee.iae.commons.dbcobrandinfo.test.dbfetcher.CobrandContainerHandlerTest@7fcf2fc1]" name="springTestContextBeforeTestMethod" is-config="true" duration-ms="0" started-at="2019-08-23T14:27:01Z" finished-at="2019-08-23T14:27:01Z">
          <reporter-output>
          </reporter-output>
        </test-method> <!-- springTestContextBeforeTestMethod -->
        <test-method status="SKIP" signature="setupContext()[pri:0, instance:com.yodlee.iae.commons.dbcobrandinfo.test.dbfetcher.CobrandContainerHandlerTest@7fcf2fc1]" name="setupContext" is-config="true" duration-ms="0" started-at="2019-08-23T14:27:01Z" finished-at="2019-08-23T14:27:01Z">
          <reporter-output>
          </reporter-output>
        </test-method> <!-- setupContext -->
        <test-method status="SKIP" signature="testCobProductIdMap()[pri:0, instance:com.yodlee.iae.commons.dbcobrandinfo.test.dbfetcher.CobrandContainerHandlerTest@7fcf2fc1]" name="testCobProductIdMap" duration-ms="2" started-at="2019-08-23T14:27:01Z" finished-at="2019-08-23T14:27:01Z">
          <reporter-output>
          </reporter-output>
        </test-method> <!-- testCobProductIdMap -->
        <test-method status="SKIP" signature="cleanupContext()[pri:0, instance:com.yodlee.iae.commons.dbcobrandinfo.test.dbfetcher.CobrandContainerHandlerTest@7fcf2fc1]" name="cleanupContext" is-config="true" duration-ms="0" started-at="2019-08-23T14:27:01Z" finished-at="2019-08-23T14:27:01Z">
          <reporter-output>
          </reporter-output>
        </test-method> <!-- cleanupContext -->
        <test-method status="PASS" signature="springTestContextAfterTestMethod(java.lang.reflect.Method)[pri:0, instance:com.yodlee.iae.commons.dbcobrandinfo.test.dbfetcher.CobrandContainerHandlerTest@7fcf2fc1]" name="springTestContextAfterTestMethod" is-config="true" duration-ms="3" started-at="2019-08-23T14:27:01Z" finished-at="2019-08-23T14:27:01Z">
          <params>
            <param index="0">
              <value>
                <![CDATA[public void com.yodlee.iae.commons.dbcobrandinfo.test.dbfetcher.CobrandContainerHandlerTest.testCobProductIdMap() throws java.lang.Exception]]>
              </value>
            </param>
          </params>
          <reporter-output>
          </reporter-output>
        </test-method> <!-- springTestContextAfterTestMethod -->
        <test-method status="PASS" signature="springTestContextAfterTestClass()[pri:0, instance:com.yodlee.iae.commons.dbcobrandinfo.test.dbfetcher.CobrandContainerHandlerTest@7fcf2fc1]" name="springTestContextAfterTestClass" is-config="true" duration-ms="0" started-at="2019-08-23T14:27:01Z" finished-at="2019-08-23T14:27:01Z">
          <reporter-output>
          </reporter-output>
        </test-method> <!-- springTestContextAfterTestClass -->
      </class> <!-- com.yodlee.iae.commons.dbcobrandinfo.test.dbfetcher.CobrandContainerHandlerTest -->
    </test> <!-- Default test -->
  </suite> <!-- Default suite -->
</testng-results>
